<?xml version="1.0" encoding="UTF-8"?>
<!-- Generated by org.testng.reporters.JUnitReportReporter -->
<testsuite hostname="MAVBCP3331" failures="0" tests="1" name="selenium_project.Example" time="20.936" errors="0" timestamp="2021-09-24T16:04:57 IST" skipped="0">
  <testcase classname="selenium_project.Example" name="sample" time="20.936"/>
  <system-out/>
</testsuite> <!-- selenium_project.Example -->
