<?xml version="1.0" encoding="UTF-8"?>
<!-- Generated by org.testng.reporters.JUnitReportReporter -->
<testsuite hostname="MAVBCP3331" failures="0" tests="2" name="selenium_project.RecorderScript" time="42.678" errors="0" timestamp="2021-09-28T11:32:02 IST" skipped="0">
  <testcase classname="selenium_project.RecorderScript" name="testParameterWithXML" time="20.856"/>
  <system-out/>
  <testcase classname="selenium_project.RecorderScript" name="testParameterWithXML" time="21.822"/>
  <system-out/>
</testsuite> <!-- selenium_project.RecorderScript -->
