<?xml version="1.0" encoding="UTF-8"?>
<!-- Generated by org.testng.reporters.JUnitReportReporter -->
<testsuite hostname="MAVBCP3331" failures="0" tests="2" name="selenium_project.CrossBrowserScript" time="140.698" errors="0" timestamp="2021-09-27T17:08:36 IST" skipped="0">
  <testcase classname="selenium_project.CrossBrowserScript" name="testParameterWithXML" time="73.186"/>
  <system-out/>
  <testcase classname="selenium_project.CrossBrowserScript" name="testParameterWithXML" time="67.512"/>
  <system-out/>
</testsuite> <!-- selenium_project.CrossBrowserScript -->
